<?xml version="1.0" encoding="UTF-8"?>
<testng-results skipped="0" failed="1" total="6" passed="5">
  <reporter-output>
  </reporter-output>
  <suite name="Default suite" duration-ms="24704" started-at="2021-11-06T10:53:39Z" finished-at="2021-11-06T10:54:04Z">
    <groups>
      <group name="cucumber">
        <method signature="AbstractTestNGCucumberTests.feature(cucumber.api.testng.CucumberFeatureWrapper)[pri:0, instance:cucumber.Runner.TestRunner@204f30ec]" name="feature" class="cucumber.api.testng.AbstractTestNGCucumberTests"/>
      </group> <!-- cucumber -->
    </groups>
    <test name="Default test" duration-ms="24704" started-at="2021-11-06T10:53:39Z" finished-at="2021-11-06T10:54:04Z">
      <class name="cucumber.Runner.TestRunner">
        <test-method status="PASS" signature="beforeSuite()[pri:0, instance:cucumber.Runner.TestRunner@204f30ec]" name="beforeSuite" is-config="true" duration-ms="47" started-at="2021-11-06T16:23:39Z" finished-at="2021-11-06T16:23:39Z">
          <reporter-output>
          </reporter-output>
        </test-method> <!-- beforeSuite -->
        <test-method status="PASS" signature="setUpClass()[pri:0, instance:cucumber.Runner.TestRunner@204f30ec]" name="setUpClass" is-config="true" duration-ms="399" started-at="2021-11-06T16:23:39Z" finished-at="2021-11-06T16:23:40Z">
          <reporter-output>
          </reporter-output>
        </test-method> <!-- setUpClass -->
        <test-method status="PASS" signature="feature(cucumber.api.testng.CucumberFeatureWrapper)[pri:0, instance:cucumber.Runner.TestRunner@204f30ec]" name="feature" duration-ms="9771" started-at="2021-11-06T16:23:40Z" description="Runs Cucumber Feature" data-provider="features" finished-at="2021-11-06T16:23:50Z">
          <params>
            <param index="0">
              <value>
                <![CDATA[Create User Feature]]>
              </value>
            </param>
          </params>
          <reporter-output>
          </reporter-output>
        </test-method> <!-- feature -->
        <test-method status="PASS" signature="feature(cucumber.api.testng.CucumberFeatureWrapper)[pri:0, instance:cucumber.Runner.TestRunner@204f30ec]" name="feature" duration-ms="2082" started-at="2021-11-06T16:23:50Z" description="Runs Cucumber Feature" data-provider="features" finished-at="2021-11-06T16:23:52Z">
          <params>
            <param index="0">
              <value>
                <![CDATA[Patch user data]]>
              </value>
            </param>
          </params>
          <reporter-output>
          </reporter-output>
        </test-method> <!-- feature -->
        <test-method status="PASS" signature="feature(cucumber.api.testng.CucumberFeatureWrapper)[pri:0, instance:cucumber.Runner.TestRunner@204f30ec]" name="feature" duration-ms="3553" started-at="2021-11-06T16:23:52Z" description="Runs Cucumber Feature" data-provider="features" finished-at="2021-11-06T16:23:55Z">
          <params>
            <param index="0">
              <value>
                <![CDATA[Register Feature]]>
              </value>
            </param>
          </params>
          <reporter-output>
          </reporter-output>
        </test-method> <!-- feature -->
        <test-method status="FAIL" signature="feature(cucumber.api.testng.CucumberFeatureWrapper)[pri:0, instance:cucumber.Runner.TestRunner@204f30ec]" name="feature" duration-ms="3406" started-at="2021-11-06T16:23:55Z" description="Runs Cucumber Feature" data-provider="features" finished-at="2021-11-06T16:23:59Z">
          <params>
            <param index="0">
              <value>
                <![CDATA[Search User Feature]]>
              </value>
            </param>
          </params>
          <exception class="cucumber.runtime.CucumberException">
            <message>
              <![CDATA[java.lang.AssertionError: Value is invalid expected [true] but found [false]]]>
            </message>
            <full-stacktrace>
              <![CDATA[cucumber.runtime.CucumberException: java.lang.AssertionError: Value is invalid expected [true] but found [false]
	at cucumber.api.testng.TestNGCucumberRunner.runCucumber(TestNGCucumberRunner.java:69)
	at cucumber.api.testng.AbstractTestNGCucumberTests.feature(AbstractTestNGCucumberTests.java:21)
	at sun.reflect.NativeMethodAccessorImpl.invoke0(Native Method)
	at sun.reflect.NativeMethodAccessorImpl.invoke(Unknown Source)
	at sun.reflect.DelegatingMethodAccessorImpl.invoke(Unknown Source)
	at java.lang.reflect.Method.invoke(Unknown Source)
	at org.testng.internal.MethodInvocationHelper.invokeMethod(MethodInvocationHelper.java:100)
	at org.testng.internal.Invoker.invokeMethod(Invoker.java:646)
	at org.testng.internal.Invoker.invokeTestMethod(Invoker.java:811)
	at org.testng.internal.Invoker.invokeTestMethods(Invoker.java:1137)
	at org.testng.internal.TestMethodWorker.invokeTestMethods(TestMethodWorker.java:129)
	at org.testng.internal.TestMethodWorker.run(TestMethodWorker.java:112)
	at org.testng.TestRunner.privateRun(TestRunner.java:753)
	at org.testng.TestRunner.run(TestRunner.java:607)
	at org.testng.SuiteRunner.runTest(SuiteRunner.java:368)
	at org.testng.SuiteRunner.runSequentially(SuiteRunner.java:363)
	at org.testng.SuiteRunner.privateRun(SuiteRunner.java:321)
	at org.testng.SuiteRunner.run(SuiteRunner.java:270)
	at org.testng.SuiteRunnerWorker.runSuite(SuiteRunnerWorker.java:52)
	at org.testng.SuiteRunnerWorker.run(SuiteRunnerWorker.java:86)
	at org.testng.TestNG.runSuitesSequentially(TestNG.java:1284)
	at org.testng.TestNG.runSuitesLocally(TestNG.java:1209)
	at org.testng.TestNG.runSuites(TestNG.java:1124)
	at org.testng.TestNG.run(TestNG.java:1096)
	at org.testng.remote.AbstractRemoteTestNG.run(AbstractRemoteTestNG.java:132)
	at org.testng.remote.RemoteTestNG.initAndRun(RemoteTestNG.java:236)
	at org.testng.remote.RemoteTestNG.main(RemoteTestNG.java:81)
Caused by: java.lang.AssertionError: Value is invalid expected [true] but found [false]
	at org.testng.Assert.fail(Assert.java:94)
	at org.testng.Assert.failNotEquals(Assert.java:513)
	at org.testng.Assert.assertTrue(Assert.java:42)
	at utilities.GenericUtility.assertResultisPositive(GenericUtility.java:70)
	at stepDefinitions.SearchUserStepDefinition.validate_that_the_response_is_valid_and_and_is_searched_successfully(SearchUserStepDefinition.java:27)
	at âœ½.Then Validate that the response is valid and "18" and "tobias.funke@reqres.in$Tobias$Funke$https://reqres.in/img/faces/9-image.jpg$https://reqres.in/#support-heading$To keep ReqRes free, contributions towards server costs are appreciated!" is searched successfully(SearchUser.feature:8)
]]>
            </full-stacktrace>
          </exception> <!-- cucumber.runtime.CucumberException -->
          <reporter-output>
          </reporter-output>
        </test-method> <!-- feature -->
        <test-method status="PASS" signature="feature(cucumber.api.testng.CucumberFeatureWrapper)[pri:0, instance:cucumber.Runner.TestRunner@204f30ec]" name="feature" duration-ms="1906" started-at="2021-11-06T16:23:59Z" description="Runs Cucumber Feature" data-provider="features" finished-at="2021-11-06T16:24:01Z">
          <params>
            <param index="0">
              <value>
                <![CDATA[Update User Feature]]>
              </value>
            </param>
          </params>
          <reporter-output>
          </reporter-output>
        </test-method> <!-- feature -->
        <test-method status="PASS" signature="feature(cucumber.api.testng.CucumberFeatureWrapper)[pri:0, instance:cucumber.Runner.TestRunner@204f30ec]" name="feature" duration-ms="2836" started-at="2021-11-06T16:24:01Z" description="Runs Cucumber Feature" data-provider="features" finished-at="2021-11-06T16:24:04Z">
          <params>
            <param index="0">
              <value>
                <![CDATA[Login Feature]]>
              </value>
            </param>
          </params>
          <reporter-output>
          </reporter-output>
        </test-method> <!-- feature -->
        <test-method status="PASS" signature="tearDownClass()[pri:0, instance:cucumber.Runner.TestRunner@204f30ec]" name="tearDownClass" is-config="true" duration-ms="564" started-at="2021-11-06T16:24:04Z" finished-at="2021-11-06T16:24:04Z">
          <reporter-output>
          </reporter-output>
        </test-method> <!-- tearDownClass -->
      </class> <!-- cucumber.Runner.TestRunner -->
    </test> <!-- Default test -->
  </suite> <!-- Default suite -->
</testng-results>
